100.03.21 12:42 B D:\_5Tigers\Adventures\adventxt\a1.htm <-- dev.5tigers.org /www/Adventures/adventxt a1.htm
100.03.21 12:42 B D:\_5Tigers\Adventures\adventxt\a1.htm.LCK <-- dev.5tigers.org /www/Adventures/adventxt a1.htm.LCK
100.03.21 12:42 B D:\_5Tigers\Adventures\adventxt\a1b.htm <-- dev.5tigers.org /www/Adventures/adventxt a1b.htm
100.03.21 12:42 B D:\_5Tigers\Adventures\adventxt\a1b.htm.LCK <-- dev.5tigers.org /www/Adventures/adventxt a1b.htm.LCK
100.03.21 12:42 B D:\_5Tigers\Adventures\adventxt\a2.htm <-- dev.5tigers.org /www/Adventures/adventxt a2.htm
100.03.21 12:42 B D:\_5Tigers\Adventures\adventxt\a2.htm.LCK <-- dev.5tigers.org /www/Adventures/adventxt a2.htm.LCK
100.03.21 12:42 B D:\_5Tigers\Adventures\adventxt\a3.htm <-- dev.5tigers.org /www/Adventures/adventxt a3.htm
100.03.21 12:42 B D:\_5Tigers\Adventures\adventxt\a3.htm.LCK <-- dev.5tigers.org /www/Adventures/adventxt a3.htm.LCK
100.03.21 12:42 B D:\_5Tigers\Adventures\adventxt\c1.htm <-- dev.5tigers.org /www/Adventures/adventxt c1.htm
100.03.21 12:42 B D:\_5Tigers\Adventures\adventxt\c1.htm.LCK <-- dev.5tigers.org /www/Adventures/adventxt c1.htm.LCK
100.03.21 12:42 B D:\_5Tigers\Adventures\adventxt\c10.htm <-- dev.5tigers.org /www/Adventures/adventxt c10.htm
100.03.21 12:42 B D:\_5Tigers\Adventures\adventxt\c10.htm.LCK <-- dev.5tigers.org /www/Adventures/adventxt c10.htm.LCK
100.03.21 12:42 B D:\_5Tigers\Adventures\adventxt\c11.htm <-- dev.5tigers.org /www/Adventures/adventxt c11.htm
100.03.21 12:42 B D:\_5Tigers\Adventures\adventxt\c11.htm.LCK <-- dev.5tigers.org /www/Adventures/adventxt c11.htm.LCK
100.03.21 12:42 B D:\_5Tigers\Adventures\adventxt\c12.htm <-- dev.5tigers.org /www/Adventures/adventxt c12.htm
100.03.21 12:42 B D:\_5Tigers\Adventures\adventxt\c12.htm.LCK <-- dev.5tigers.org /www/Adventures/adventxt c12.htm.LCK
100.03.21 12:42 B D:\_5Tigers\Adventures\adventxt\c13.htm <-- dev.5tigers.org /www/Adventures/adventxt c13.htm
100.03.21 12:42 B D:\_5Tigers\Adventures\adventxt\c13.htm.LCK <-- dev.5tigers.org /www/Adventures/adventxt c13.htm.LCK
100.03.21 12:42 B D:\_5Tigers\Adventures\adventxt\c14.htm <-- dev.5tigers.org /www/Adventures/adventxt c14.htm
100.03.21 12:42 B D:\_5Tigers\Adventures\adventxt\c14.htm.LCK <-- dev.5tigers.org /www/Adventures/adventxt c14.htm.LCK
100.03.21 12:42 B D:\_5Tigers\Adventures\adventxt\c15.htm <-- dev.5tigers.org /www/Adventures/adventxt c15.htm
100.03.21 12:42 B D:\_5Tigers\Adventures\adventxt\c15.htm.LCK <-- dev.5tigers.org /www/Adventures/adventxt c15.htm.LCK
100.03.21 12:42 B D:\_5Tigers\Adventures\adventxt\c16.htm <-- dev.5tigers.org /www/Adventures/adventxt c16.htm
100.03.21 12:42 B D:\_5Tigers\Adventures\adventxt\c16.htm.LCK <-- dev.5tigers.org /www/Adventures/adventxt c16.htm.LCK
100.03.21 12:42 B D:\_5Tigers\Adventures\adventxt\c17.htm <-- dev.5tigers.org /www/Adventures/adventxt c17.htm
100.03.21 12:42 B D:\_5Tigers\Adventures\adventxt\c17.htm.LCK <-- dev.5tigers.org /www/Adventures/adventxt c17.htm.LCK
100.03.21 12:42 B D:\_5Tigers\Adventures\adventxt\c18.htm <-- dev.5tigers.org /www/Adventures/adventxt c18.htm
100.03.21 12:42 B D:\_5Tigers\Adventures\adventxt\c18.htm.LCK <-- dev.5tigers.org /www/Adventures/adventxt c18.htm.LCK
100.03.21 12:42 B D:\_5Tigers\Adventures\adventxt\c19.htm <-- dev.5tigers.org /www/Adventures/adventxt c19.htm
100.03.21 12:42 B D:\_5Tigers\Adventures\adventxt\c19.htm.LCK <-- dev.5tigers.org /www/Adventures/adventxt c19.htm.LCK
100.03.21 12:42 B D:\_5Tigers\Adventures\adventxt\c2.htm <-- dev.5tigers.org /www/Adventures/adventxt c2.htm
100.03.21 12:42 B D:\_5Tigers\Adventures\adventxt\c2.htm.LCK <-- dev.5tigers.org /www/Adventures/adventxt c2.htm.LCK
100.03.21 12:42 B D:\_5Tigers\Adventures\adventxt\c20.htm <-- dev.5tigers.org /www/Adventures/adventxt c20.htm
100.03.21 12:42 B D:\_5Tigers\Adventures\adventxt\c20.htm.LCK <-- dev.5tigers.org /www/Adventures/adventxt c20.htm.LCK
100.03.21 12:42 B D:\_5Tigers\Adventures\adventxt\c21.htm <-- dev.5tigers.org /www/Adventures/adventxt c21.htm
100.03.21 12:42 B D:\_5Tigers\Adventures\adventxt\c21.htm.LCK <-- dev.5tigers.org /www/Adventures/adventxt c21.htm.LCK
100.03.21 12:42 B D:\_5Tigers\Adventures\adventxt\c22.htm <-- dev.5tigers.org /www/Adventures/adventxt c22.htm
100.03.21 12:42 B D:\_5Tigers\Adventures\adventxt\c22.htm.LCK <-- dev.5tigers.org /www/Adventures/adventxt c22.htm.LCK
100.03.21 12:42 B D:\_5Tigers\Adventures\adventxt\c23.htm <-- dev.5tigers.org /www/Adventures/adventxt c23.htm
100.03.21 12:42 B D:\_5Tigers\Adventures\adventxt\c23.htm.LCK <-- dev.5tigers.org /www/Adventures/adventxt c23.htm.LCK
100.03.21 12:42 B D:\_5Tigers\Adventures\adventxt\c24.htm <-- dev.5tigers.org /www/Adventures/adventxt c24.htm
100.03.21 12:42 B D:\_5Tigers\Adventures\adventxt\c24.htm.LCK <-- dev.5tigers.org /www/Adventures/adventxt c24.htm.LCK
100.03.21 12:42 B D:\_5Tigers\Adventures\adventxt\c25.htm <-- dev.5tigers.org /www/Adventures/adventxt c25.htm
100.03.21 12:42 B D:\_5Tigers\Adventures\adventxt\c26.htm <-- dev.5tigers.org /www/Adventures/adventxt c26.htm
100.03.21 12:42 B D:\_5Tigers\Adventures\adventxt\c27.htm <-- dev.5tigers.org /www/Adventures/adventxt c27.htm
100.03.21 12:42 B D:\_5Tigers\Adventures\adventxt\c28.htm <-- dev.5tigers.org /www/Adventures/adventxt c28.htm
100.03.21 12:42 B D:\_5Tigers\Adventures\adventxt\c29.htm <-- dev.5tigers.org /www/Adventures/adventxt c29.htm
100.03.21 12:42 B D:\_5Tigers\Adventures\adventxt\c3.htm <-- dev.5tigers.org /www/Adventures/adventxt c3.htm
100.03.21 12:42 B D:\_5Tigers\Adventures\adventxt\c30.htm <-- dev.5tigers.org /www/Adventures/adventxt c30.htm
100.03.21 12:42 B D:\_5Tigers\Adventures\adventxt\c31.htm <-- dev.5tigers.org /www/Adventures/adventxt c31.htm
100.03.21 12:42 B D:\_5Tigers\Adventures\adventxt\c32.htm <-- dev.5tigers.org /www/Adventures/adventxt c32.htm
100.03.21 12:42 B D:\_5Tigers\Adventures\adventxt\c33.htm <-- dev.5tigers.org /www/Adventures/adventxt c33.htm
100.03.21 12:42 B D:\_5Tigers\Adventures\adventxt\c34.htm <-- dev.5tigers.org /www/Adventures/adventxt c34.htm
100.03.21 12:42 B D:\_5Tigers\Adventures\adventxt\c35.htm <-- dev.5tigers.org /www/Adventures/adventxt c35.htm
100.03.21 12:42 B D:\_5Tigers\Adventures\adventxt\c36.htm <-- dev.5tigers.org /www/Adventures/adventxt c36.htm
100.03.21 12:42 B D:\_5Tigers\Adventures\adventxt\c37.htm <-- dev.5tigers.org /www/Adventures/adventxt c37.htm
100.03.21 12:42 B D:\_5Tigers\Adventures\adventxt\c4.htm <-- dev.5tigers.org /www/Adventures/adventxt c4.htm
100.03.21 12:42 B D:\_5Tigers\Adventures\adventxt\c5.htm <-- dev.5tigers.org /www/Adventures/adventxt c5.htm
100.03.21 12:42 B D:\_5Tigers\Adventures\adventxt\c6.htm <-- dev.5tigers.org /www/Adventures/adventxt c6.htm
100.03.21 12:42 B D:\_5Tigers\Adventures\adventxt\c7.htm <-- dev.5tigers.org /www/Adventures/adventxt c7.htm
100.03.21 12:42 B D:\_5Tigers\Adventures\adventxt\c8.htm <-- dev.5tigers.org /www/Adventures/adventxt c8.htm
100.03.21 12:42 B D:\_5Tigers\Adventures\adventxt\c9.htm <-- dev.5tigers.org /www/Adventures/adventxt c9.htm
100.03.21 12:42 B D:\_5Tigers\Adventures\adventxt\d27.htm <-- dev.5tigers.org /www/Adventures/adventxt d27.htm
100.03.21 12:42 B D:\_5Tigers\Adventures\adventxt\d28.htm <-- dev.5tigers.org /www/Adventures/adventxt d28.htm
100.03.21 12:42 B D:\_5Tigers\Adventures\adventxt\d29.htm <-- dev.5tigers.org /www/Adventures/adventxt d29.htm
100.03.21 12:42 B D:\_5Tigers\Adventures\adventxt\d30.htm <-- dev.5tigers.org /www/Adventures/adventxt d30.htm
100.03.21 12:42 B D:\_5Tigers\Adventures\adventxt\d31.htm <-- dev.5tigers.org /www/Adventures/adventxt d31.htm
100.03.21 12:42 B D:\_5Tigers\Adventures\adventxt\d32.htm <-- dev.5tigers.org /www/Adventures/adventxt d32.htm
100.03.21 12:42 B D:\_5Tigers\Adventures\adventxt\d33.htm <-- dev.5tigers.org /www/Adventures/adventxt d33.htm
100.03.21 12:42 B D:\_5Tigers\Adventures\adventxt\d34.htm <-- dev.5tigers.org /www/Adventures/adventxt d34.htm
100.03.21 12:42 B D:\_5Tigers\Adventures\adventxt\d35.htm <-- dev.5tigers.org /www/Adventures/adventxt d35.htm
100.03.21 12:42 B D:\_5Tigers\Adventures\adventxt\dot.gif <-- dev.5tigers.org /www/Adventures/adventxt dot.gif
100.03.21 12:42 B D:\_5Tigers\Adventures\adventxt\e1.htm <-- dev.5tigers.org /www/Adventures/adventxt e1.htm
100.03.21 12:43 B D:\_5Tigers\Adventures\adventxt\ta1guide.htm <-- dev.5tigers.org /www/Adventures/adventxt ta1guide.htm
100.03.21 12:43 B D:\_5Tigers\Adventures\adventxt\ta1key.htm <-- dev.5tigers.org /www/Adventures/adventxt ta1key.htm
100.03.21 12:43 B D:\_5Tigers\Adventures\adventxt\ta1work.htm <-- dev.5tigers.org /www/Adventures/adventxt ta1work.htm
